# JRE version: Java(TM) SE Runtime Environment (21.0.2+13) (build 21.0.2+13-LTS-58)
# Java VM: Java HotSpot(TM) 64-Bit Server VM (21.0.2+13-LTS-58, mixed mode, emulated-client, sharing, tiered, compressed oops, compressed class ptrs, g1 gc, windows-amd64)
GC Precious Log:
 CardTable entry size: 512
 Card Set container configuration: InlinePtr #cards 4 size 8 Array Of Cards #cards 32 size 80 Howl #buckets 8 coarsen threshold 7372 Howl Bitmap #cards 1024 size 144 coarsen threshold 921 Card regions per heap region 1 cards per card region 8192
 CPUs: 8 total, 8 available
 Memory: 32647M
 Large Page Support: Disabled
 NUMA Support: Disabled
 Compressed Oops: Enabled (Zero based)
 Heap Region Size: 4M
 Heap Min Capacity: 8M
 Heap Initial Capacity: 512M
 Heap Max Capacity: 8164M
 Pre-touch: Disabled
 Parallel Workers: 8
 Concurrent Workers: 2
 Concurrent Refinement Workers: 8
 Periodic GC: Disabled
Heap:
 garbage-first heap   total 98304K, used 36387K [0x0000000601c00000, 0x0000000800000000)
  region size 4096K, 3 young (12288K), 2 survivors (8192K)
 Metaspace       used 68907K, committed 69632K, reserved 1114112K
  class space    used 9794K, committed 10112K, reserved 1048576K
GC Heap History (20 events):
Event: 4.316 GC heap before
{Heap before GC invocations=1 (full 0):
 garbage-first heap   total 524288K, used 25040K [0x0000000601c00000, 0x0000000800000000)
  region size 4096K, 6 young (24576K), 1 survivors (4096K)
 Metaspace       used 7519K, committed 7808K, reserved 1114112K
  class space    used 882K, committed 1024K, reserved 1048576K
}
Event: 4.333 GC heap after
{Heap after GC invocations=2 (full 0):
 garbage-first heap   total 524288K, used 17609K [0x0000000601c00000, 0x0000000800000000)
  region size 4096K, 1 young (4096K), 1 survivors (4096K)
 Metaspace       used 7519K, committed 7808K, reserved 1114112K
  class space    used 882K, committed 1024K, reserved 1048576K
}
Event: 11.350 GC heap before
{Heap before GC invocations=2 (full 0):
 garbage-first heap   total 524288K, used 50377K [0x0000000601c00000, 0x0000000800000000)
  region size 4096K, 9 young (36864K), 1 survivors (4096K)
 Metaspace       used 15121K, committed 15424K, reserved 1114112K
  class space    used 1914K, committed 2048K, reserved 1048576K
}
Event: 11.362 GC heap after
{Heap after GC invocations=3 (full 0):
 garbage-first heap   total 524288K, used 23325K [0x0000000601c00000, 0x0000000800000000)
  region size 4096K, 2 young (8192K), 2 survivors (8192K)
 Metaspace       used 15121K, committed 15424K, reserved 1114112K
  class space    used 1914K, committed 2048K, reserved 1048576K
}
Event: 16.746 GC heap before
{Heap before GC invocations=3 (full 0):
 garbage-first heap   total 524288K, used 47901K [0x0000000601c00000, 0x0000000800000000)
  region size 4096K, 9 young (36864K), 2 survivors (8192K)
 Metaspace       used 21046K, committed 21504K, reserved 1114112K
  class space    used 2702K, committed 2944K, reserved 1048576K
}
Event: 16.754 GC heap after
{Heap after GC invocations=4 (full 0):
 garbage-first heap   total 524288K, used 21665K [0x0000000601c00000, 0x0000000800000000)
  region size 4096K, 2 young (8192K), 2 survivors (8192K)
 Metaspace       used 21046K, committed 21504K, reserved 1114112K
  class space    used 2702K, committed 2944K, reserved 1048576K
}
Event: 21.293 GC heap before
{Heap before GC invocations=5 (full 0):
 garbage-first heap   total 98304K, used 70817K [0x0000000601c00000, 0x0000000800000000)
  region size 4096K, 14 young (57344K), 2 survivors (8192K)
 Metaspace       used 27138K, committed 27584K, reserved 1114112K
  class space    used 3602K, committed 3776K, reserved 1048576K
}
Event: 21.314 GC heap after
{Heap after GC invocations=6 (full 0):
 garbage-first heap   total 98304K, used 24778K [0x0000000601c00000, 0x0000000800000000)
  region size 4096K, 2 young (8192K), 2 survivors (8192K)
 Metaspace       used 27138K, committed 27584K, reserved 1114112K
  class space    used 3602K, committed 3776K, reserved 1048576K
}
Event: 25.896 GC heap before
{Heap before GC invocations=6 (full 0):
 garbage-first heap   total 98304K, used 69834K [0x0000000601c00000, 0x0000000800000000)
  region size 4096K, 13 young (53248K), 2 survivors (8192K)
 Metaspace       used 33139K, committed 33728K, reserved 1114112K
  class space    used 4589K, committed 4864K, reserved 1048576K
}
Event: 25.917 GC heap after
{Heap after GC invocations=7 (full 0):
 garbage-first heap   total 98304K, used 26799K [0x0000000601c00000, 0x0000000800000000)
  region size 4096K, 2 young (8192K), 2 survivors (8192K)
 Metaspace       used 33139K, committed 33728K, reserved 1114112K
  class space    used 4589K, committed 4864K, reserved 1048576K
}
Event: 26.698 GC heap before
{Heap before GC invocations=7 (full 0):
 garbage-first heap   total 98304K, used 43183K [0x0000000601c00000, 0x0000000800000000)
  region size 4096K, 7 young (28672K), 2 survivors (8192K)
 Metaspace       used 35949K, committed 36480K, reserved 1114112K
  class space    used 4959K, committed 5184K, reserved 1048576K
}
Event: 26.716 GC heap after
{Heap after GC invocations=8 (full 0):
 garbage-first heap   total 98304K, used 28653K [0x0000000601c00000, 0x0000000800000000)
  region size 4096K, 2 young (8192K), 2 survivors (8192K)
 Metaspace       used 35949K, committed 36480K, reserved 1114112K
  class space    used 4959K, committed 5184K, reserved 1048576K
}
Event: 29.828 GC heap before
{Heap before GC invocations=9 (full 0):
 garbage-first heap   total 98304K, used 73709K [0x0000000601c00000, 0x0000000800000000)
  region size 4096K, 13 young (53248K), 2 survivors (8192K)
 Metaspace       used 46722K, committed 47360K, reserved 1114112K
  class space    used 6433K, committed 6720K, reserved 1048576K
}
Event: 29.838 GC heap after
{Heap after GC invocations=10 (full 0):
 garbage-first heap   total 98304K, used 31716K [0x0000000601c00000, 0x0000000800000000)
  region size 4096K, 2 young (8192K), 2 survivors (8192K)
 Metaspace       used 46722K, committed 47360K, reserved 1114112K
  class space    used 6433K, committed 6720K, reserved 1048576K
}
Event: 32.320 GC heap before
{Heap before GC invocations=10 (full 0):
 garbage-first heap   total 98304K, used 76772K [0x0000000601c00000, 0x0000000800000000)
  region size 4096K, 13 young (53248K), 2 survivors (8192K)
 Metaspace       used 58745K, committed 59392K, reserved 1114112K
  class space    used 8267K, committed 8576K, reserved 1048576K
}
Event: 32.334 GC heap after
{Heap after GC invocations=11 (full 0):
 garbage-first heap   total 98304K, used 31845K [0x0000000601c00000, 0x0000000800000000)
  region size 4096K, 2 young (8192K), 2 survivors (8192K)
 Metaspace       used 58745K, committed 59392K, reserved 1114112K
  class space    used 8267K, committed 8576K, reserved 1048576K
}
Event: 33.083 GC heap before
{Heap before GC invocations=11 (full 0):
 garbage-first heap   total 98304K, used 35941K [0x0000000601c00000, 0x0000000800000000)
  region size 4096K, 4 young (16384K), 2 survivors (8192K)
 Metaspace       used 60478K, committed 61120K, reserved 1114112K
  class space    used 8560K, committed 8832K, reserved 1048576K
}
Event: 33.096 GC heap after
{Heap after GC invocations=12 (full 0):
 garbage-first heap   total 98304K, used 32015K [0x0000000601c00000, 0x0000000800000000)
  region size 4096K, 1 young (4096K), 1 survivors (4096K)
 Metaspace       used 60478K, committed 61120K, reserved 1114112K
  class space    used 8560K, committed 8832K, reserved 1048576K
}
Event: 36.835 GC heap before
{Heap before GC invocations=13 (full 0):
 garbage-first heap   total 98304K, used 81167K [0x0000000601c00000, 0x0000000800000000)
  region size 4096K, 13 young (53248K), 1 survivors (4096K)
 Metaspace       used 68798K, committed 69504K, reserved 1114112K
  class space    used 9773K, committed 10112K, reserved 1048576K
}
Event: 36.852 GC heap after
{Heap after GC invocations=14 (full 0):
 garbage-first heap   total 98304K, used 36387K [0x0000000601c00000, 0x0000000800000000)
  region size 4096K, 2 young (8192K), 2 survivors (8192K)
 Metaspace       used 68798K, committed 69504K, reserved 1114112K
  class space    used 9773K, committed 10112K, reserved 1048576K
}

